0 info it worked if it ends with ok
1 verbose cli [ '/usr/local/bin/node', '/usr/local/bin/npm', 'run', 'serve' ]
2 info using npm@3.10.9
3 info using node@v4.6.0
4 verbose run-script [ 'preserve', 'serve', 'postserve' ]
5 info lifecycle react-my-first-app@1.0.0~preserve: react-my-first-app@1.0.0
6 silly lifecycle react-my-first-app@1.0.0~preserve: no script for preserve, continuing
7 info lifecycle react-my-first-app@1.0.0~serve: react-my-first-app@1.0.0
8 verbose lifecycle react-my-first-app@1.0.0~serve: unsafe-perm in lifecycle true
9 verbose lifecycle react-my-first-app@1.0.0~serve: PATH: /usr/local/lib/node_modules/npm/bin/node-gyp-bin:/Users/Zebra/Desktop/Chris/react-my-first-app/node_modules/.bin:/usr/local/bin:/usr/bin:/bin:/usr/sbin:/sbin:/Users/Zebra/.rvm/bin
10 verbose lifecycle react-my-first-app@1.0.0~serve: CWD: /Users/Zebra/Desktop/Chris/react-my-first-app
11 silly lifecycle react-my-first-app@1.0.0~serve: Args: [ '-c',
11 silly lifecycle   'webpack-dev-server --content-base public --inline --hot' ]
12 silly lifecycle react-my-first-app@1.0.0~serve: Returned: code: 1  signal: null
13 info lifecycle react-my-first-app@1.0.0~serve: Failed to exec serve script
14 verbose stack Error: react-my-first-app@1.0.0 serve: `webpack-dev-server --content-base public --inline --hot`
14 verbose stack Exit status 1
14 verbose stack     at EventEmitter.<anonymous> (/usr/local/lib/node_modules/npm/lib/utils/lifecycle.js:255:16)
14 verbose stack     at emitTwo (events.js:87:13)
14 verbose stack     at EventEmitter.emit (events.js:172:7)
14 verbose stack     at ChildProcess.<anonymous> (/usr/local/lib/node_modules/npm/lib/utils/spawn.js:40:14)
14 verbose stack     at emitTwo (events.js:87:13)
14 verbose stack     at ChildProcess.emit (events.js:172:7)
14 verbose stack     at maybeClose (internal/child_process.js:829:16)
14 verbose stack     at Process.ChildProcess._handle.onexit (internal/child_process.js:211:5)
15 verbose pkgid react-my-first-app@1.0.0
16 verbose cwd /Users/Zebra/Desktop/Chris/react-my-first-app
17 error Darwin 15.6.0
18 error argv "/usr/local/bin/node" "/usr/local/bin/npm" "run" "serve"
19 error node v4.6.0
20 error npm  v3.10.9
21 error code ELIFECYCLE
22 error react-my-first-app@1.0.0 serve: `webpack-dev-server --content-base public --inline --hot`
22 error Exit status 1
23 error Failed at the react-my-first-app@1.0.0 serve script 'webpack-dev-server --content-base public --inline --hot'.
23 error Make sure you have the latest version of node.js and npm installed.
23 error If you do, this is most likely a problem with the react-my-first-app package,
23 error not with npm itself.
23 error Tell the author that this fails on your system:
23 error     webpack-dev-server --content-base public --inline --hot
23 error You can get information on how to open an issue for this project with:
23 error     npm bugs react-my-first-app
23 error Or if that isn't available, you can get their info via:
23 error     npm owner ls react-my-first-app
23 error There is likely additional logging output above.
24 verbose exit [ 1, true ]
